<?xml version="1.0" encoding="UTF-8"?>
<!-- Generated by org.testng.reporters.JUnitReportReporter -->
<testsuite hostname="LAPTOP-A6C6SUJI" failures="0" tests="1" name="cucumberOptions.TestNGTestRunner" time="15.531" errors="0" timestamp="2024-04-23T21:00:47 IST" skipped="0">
  <testcase classname="cucumberOptions.TestNGTestRunner" name="runScenario" time="15.531"/>
</testsuite> <!-- cucumberOptions.TestNGTestRunner -->
