<?xml version="1.0" encoding="UTF-8"?>
<!-- Generated by org.testng.reporters.JUnitReportReporter -->
<testsuite hostname="LAPTOP-A6C6SUJI" failures="0" tests="1" name="runners.TestNGTestRunner" time="6.740" errors="0" timestamp="2024-07-02T13:40:35 IST" skipped="0">
  <testcase classname="runners.TestNGTestRunner" name="runScenario" time="6.740"/>
</testsuite> <!-- runners.TestNGTestRunner -->
