<?xml version="1.0" encoding="UTF-8"?>
<!-- Generated by org.testng.reporters.JUnitReportReporter -->
<testsuite hostname="LAPTOP-A6C6SUJI" failures="0" tests="1" name="cucumberOptions.TestNGTestRunner" time="12.460" errors="0" timestamp="2024-03-28T13:04:18 IST" skipped="0">
  <testcase classname="cucumberOptions.TestNGTestRunner" name="runScenario" time="12.460"/>
</testsuite> <!-- cucumberOptions.TestNGTestRunner -->
